[     108ms] [INFO] %cDownload the React DevTools for a better development experience: https://react.dev/link/react-devtools font-weight:bold @ http://localhost:3000/_next/static/chunks/node_modules_next_dist_115brz8._.js:2431
[     115ms] [LOG] [HMR] connected @ http://localhost:3000/_next/static/chunks/node_modules_next_dist_115brz8._.js:2431
[    1076ms] Error: [CONVEX Q(conversations:list)] [Request ID: 0119ce04e5fd9ce4] Server Error
Could not find public function for 'conversations:list'. Did you forget to run `npx convex dev`?

  Called by client
    at OptimisticQueryResults.queryResult (http://localhost:3000/_next/static/chunks/node_modules_03wvzk~._.js:2924:19)
    at BaseConvexClient.localQueryResult (http://localhost:3000/_next/static/chunks/node_modules_03wvzk~._.js:4774:44)
    at Object.localQueryResult (http://localhost:3000/_next/static/chunks/node_modules_03wvzk~._.js:6530:44)
    at QueriesObserver.getLocalResults (http://localhost:3000/_next/static/chunks/node_modules_03wvzk~._.js:6944:31)
    at useQueriesHelper.useMemo[subscription] (http://localhost:3000/_next/static/chunks/node_modules_03wvzk~._.js:7076:41)
    at useSubscription.useEffect.checkForUpdates (http://localhost:3000/_next/static/chunks/node_modules_03wvzk~._.js:6279:43)
    at basicStateReducer (http://localhost:3000/_next/static/chunks/node_modules_next_dist_compiled_react-dom_058-ah~._.js:4797:47)
    at updateReducerImpl (http://localhost:3000/_next/static/chunks/node_modules_next_dist_compiled_react-dom_058-ah~._.js:4879:79)
    at updateReducer (http://localhost:3000/_next/static/chunks/node_modules_next_dist_compiled_react-dom_058-ah~._.js:4829:16)
    at Object.useState (http://localhost:3000/_next/static/chunks/node_modules_next_dist_compiled_react-dom_058-ah~._.js:15492:24)
    at exports.useState (http://localhost:3000/_next/static/chunks/node_modules_next_dist_compiled_0rpq4pf._.js:1754:36)
    at useSubscription (http://localhost:3000/_next/static/chunks/node_modules_03wvzk~._.js:6250:205)
    at useQueriesHelper (http://localhost:3000/_next/static/chunks/node_modules_03wvzk~._.js:7090:201)
    at useQueries (http://localhost:3000/_next/static/chunks/node_modules_03wvzk~._.js:7056:12)
    at useQuery (http://localhost:3000/_next/static/chunks/node_modules_03wvzk~._.js:6780:200)
    at ChatPage (http://localhost:3000/_next/static/chunks/_0q2ov6z._.js:667:199)
    at Object.react_stack_bottom_frame (http://localhost:3000/_next/static/chunks/node_modules_next_dist_compiled_react-dom_058-ah~._.js:15037:24)
    at renderWithHooks (http://localhost:3000/_next/static/chunks/node_modules_next_dist_compiled_react-dom_058-ah~._.js:4620:24)
    at updateFunctionComponent (http://localhost:3000/_next/static/chunks/node_modules_next_dist_compiled_react-dom_058-ah~._.js:6081:21)
    at beginWork (http://localhost:3000/_next/static/chunks/node_modules_next_dist_compiled_react-dom_058-ah~._.js:6691:24)
    at runWithFiberInDEV (http://localhost:3000/_next/static/chunks/node_modules_next_dist_compiled_react-dom_058-ah~._.js:965:74)
    at performUnitOfWork (http://localhost:3000/_next/static/chunks/node_modules_next_dist_compiled_react-dom_058-ah~._.js:9555:97)
    at workLoopSync (http://localhost:3000/_next/static/chunks/node_modules_next_dist_compiled_react-dom_058-ah~._.js:9449:40)
    at renderRootSync (http://localhost:3000/_next/static/chunks/node_modules_next_dist_compiled_react-dom_058-ah~._.js:9433:13)
    at performWorkOnRoot (http://localhost:3000/_next/static/chunks/node_modules_next_dist_compiled_react-dom_058-ah~._.js:9098:47)
    at performWorkOnRootViaSchedulerTask (http://localhost:3000/_next/static/chunks/node_modules_next_dist_compiled_react-dom_058-ah~._.js:10255:9)
    at MessagePort.performWorkUntilDeadline (http://localhost:3000/_next/static/chunks/node_modules_next_dist_compiled_0rpq4pf._.js:2647:64)
[   74593ms] [LOG] [Fast Refresh] rebuilding @ http://localhost:3000/_next/static/chunks/node_modules_next_dist_115brz8._.js:2431
[   74595ms] [WARNING] [Fast Refresh] performing full reload because your application had an unrecoverable error @ http://localhost:3000/_next/static/chunks/node_modules_next_dist_115brz8._.js:2431
[   74657ms] [WARNING] [Fast Refresh] performing full reload because your application had an unrecoverable error @ http://localhost:3000/_next/static/chunks/node_modules_next_dist_115brz8._.js:2431
[   74701ms] [LOG] [Fast Refresh] done in 103ms @ http://localhost:3000/_next/static/chunks/node_modules_next_dist_115brz8._.js:2431
[   74754ms] [INFO] %cDownload the React DevTools for a better development experience: https://react.dev/link/react-devtools font-weight:bold @ http://localhost:3000/_next/static/chunks/node_modules_next_dist_115brz8._.js:2431
[   74765ms] [LOG] [HMR] connected @ http://localhost:3000/_next/static/chunks/node_modules_next_dist_115brz8._.js:2431
[   75711ms] [ERROR] %o

%s Error: [CONVEX Q(conversations:list)] [Request ID: 73b7adf276af7aa5] Server Error
Could not find public function for 'conversations:list'. Did you forget to run `npx convex dev`?

  Called by client
    at OptimisticQueryResults.queryResult (http://localhost:3000/_next/static/chunks/node_modules_03wvzk~._.js:2924:19)
    at BaseConvexClient.localQueryResult (http://localhost:3000/_next/static/chunks/node_modules_03wvzk~._.js:4774:44)
    at Object.localQueryResult (http://localhost:3000/_next/static/chunks/node_modules_03wvzk~._.js:6530:44)
    at QueriesObserver.getLocalResults (http://localhost:3000/_next/static/chunks/node_modules_03wvzk~._.js:6944:31)
    at useQueriesHelper.useMemo[subscription] (http://localhost:3000/_next/static/chunks/node_modules_03wvzk~._.js:7076:41)
    at useSubscription.useEffect.checkForUpdates (http://localhost:3000/_next/static/chunks/node_modules_03wvzk~._.js:6279:43)
    at basicStateReducer (http://localhost:3000/_next/static/chunks/node_modules_next_dist_compiled_react-dom_058-ah~._.js:4797:47)
    at updateReducerImpl (http://localhost:3000/_next/static/chunks/node_modules_next_dist_compiled_react-dom_058-ah~._.js:4879:79)
    at updateReducer (http://localhost:3000/_next/static/chunks/node_modules_next_dist_compiled_react-dom_058-ah~._.js:4829:16)
    at Object.useState (http://localhost:3000/_next/static/chunks/node_modules_next_dist_compiled_react-dom_058-ah~._.js:15492:24)
    at exports.useState (http://localhost:3000/_next/static/chunks/node_modules_next_dist_compiled_0rpq4pf._.js:1754:36)
    at useSubscription (http://localhost:3000/_next/static/chunks/node_modules_03wvzk~._.js:6250:205)
    at useQueriesHelper (http://localhost:3000/_next/static/chunks/node_modules_03wvzk~._.js:7090:201)
    at useQueries (http://localhost:3000/_next/static/chunks/node_modules_03wvzk~._.js:7056:12)
    at useQuery (http://localhost:3000/_next/static/chunks/node_modules_03wvzk~._.js:6780:200)
    at ChatPage (http://localhost:3000/_next/static/chunks/_0i~2lnn._.js:667:199)
    at Object.react_stack_bottom_frame (http://localhost:3000/_next/static/chunks/node_modules_next_dist_compiled_react-dom_058-ah~._.js:15037:24)
    at renderWithHooks (http://localhost:3000/_next/static/chunks/node_modules_next_dist_compiled_react-dom_058-ah~._.js:4620:24)
    at updateFunctionComponent (http://localhost:3000/_next/static/chunks/node_modules_next_dist_compiled_react-dom_058-ah~._.js:6081:21)
    at beginWork (http://localhost:3000/_next/static/chunks/node_modules_next_dist_compiled_react-dom_058-ah~._.js:6691:24)
    at runWithFiberInDEV (http://localhost:3000/_next/static/chunks/node_modules_next_dist_compiled_react-dom_058-ah~._.js:965:74)
    at performUnitOfWork (http://localhost:3000/_next/static/chunks/node_modules_next_dist_compiled_react-dom_058-ah~._.js:9555:97)
    at workLoopSync (http://localhost:3000/_next/static/chunks/node_modules_next_dist_compiled_react-dom_058-ah~._.js:9449:40)
    at renderRootSync (http://localhost:3000/_next/static/chunks/node_modules_next_dist_compiled_react-dom_058-ah~._.js:9433:13)
    at performWorkOnRoot (http://localhost:3000/_next/static/chunks/node_modules_next_dist_compiled_react-dom_058-ah~._.js:9098:47)
    at performWorkOnRootViaSchedulerTask (http://localhost:3000/_next/static/chunks/node_modules_next_dist_compiled_react-dom_058-ah~._.js:10255:9)
    at MessagePort.performWorkUntilDeadline (http://localhost:3000/_next/static/chunks/node_modules_next_dist_compiled_0rpq4pf._.js:2647:64) The above error occurred in the <ChatPage> component. It was handled by the <ChatErrorBoundary> error boundary. @ http://localhost:3000/_next/static/chunks/node_modules_next_dist_client_0fhqo1d._.js:1998
[   84709ms] [LOG] [Fast Refresh] rebuilding @ http://localhost:3000/_next/static/chunks/node_modules_next_dist_115brz8._.js:2431
[   84756ms] [LOG] [Fast Refresh] done in 46ms @ http://localhost:3000/_next/static/chunks/node_modules_next_dist_115brz8._.js:2431
